<?xml version="1.0" encoding="UTF-8"?>
<!-- Generated by org.testng.reporters.JUnitXMLReporter -->
<testsuite hostname="DESKTOP-BN7E2AU" ignored="0" name="Default test" tests="5" failures="0" timestamp="2021-04-21T10:05:44 ICT" time="59.447" errors="0">
  <testcase name="U001" time="4.064" classname="phipgn.sloppy_test.tests.SearchTest"/>
  <testcase name="U001" time="2.744" classname="phipgn.sloppy_test.tests.SearchTest"/>
  <testcase name="U001" time="3.92" classname="phipgn.sloppy_test.tests.SearchTest"/>
  <testcase name="U002" time="1.327" classname="phipgn.sloppy_test.tests.SearchTest"/>
  <testcase name="U002" time="1.261" classname="phipgn.sloppy_test.tests.SearchTest"/>
</testsuite> <!-- Default test -->
