<?xml version="1.0" encoding="UTF-8"?>
<!-- Generated by org.testng.reporters.JUnitXMLReporter -->
<testsuite hostname="DESKTOP-BN7E2AU" ignored="1" name="Default test" tests="2" failures="0" timestamp="2021-04-19T22:09:24 ICT" time="20.059" errors="0">
  <testcase name="test_U002_SearchInvalidCities" time="1.356" classname="phipgn.sloppy_test.tests.SearchTest"/>
  <testcase name="test_U002_SearchInvalidCities" time="1.534" classname="phipgn.sloppy_test.tests.SearchTest"/>
  <testcase name="test_U001_SearchValidCities" time="0.0" classname="phipgn.sloppy_test.tests.SearchTest">
    <ignored/>
  </testcase> <!-- test_U001_SearchValidCities -->
</testsuite> <!-- Default test -->
