<?xml version="1.0" encoding="UTF-8"?>
<!-- Generated by org.testng.reporters.JUnitXMLReporter -->
<testsuite hostname="DESKTOP-BN7E2AU" ignored="0" name="Test" tests="3" failures="0" timestamp="21 Apr 2021 00:32:01 GMT" time="27.761" errors="0">
  <testcase name="test_U001_SearchValidCities" time="5.35" classname="phipgn.sloppy_test.tests.SearchTest"/>
  <testcase name="test_U002_SearchInvalidCities" time="1.539" classname="phipgn.sloppy_test.tests.SearchTest"/>
  <testcase name="test_U002_SearchInvalidCities" time="1.645" classname="phipgn.sloppy_test.tests.SearchTest"/>
</testsuite> <!-- Test -->
