<?xml version="1.0" encoding="UTF-8"?>
<testng-results skipped="0" failed="0" ignored="0" total="5" passed="5">
  <reporter-output>
    <line>
      <![CDATA[Inputting 'London' into By.xpath: //input[@placeholder='Search city']]]>
    </line>
    <line>
      <![CDATA[Clicking on By.cssSelector: .search button[type='submit']]]>
    </line>
    <line>
      <![CDATA[Clicking on [[ChromeDriver: chrome on WINDOWS (074bf746270d6ab9db94a9b088233833)] -> css selector: .search .search-dropdown-menu li]]]>
    </line>
    <line>
      <![CDATA[Inputting 'London, GB' into By.xpath: //input[@placeholder='Search city']]]>
    </line>
    <line>
      <![CDATA[Clicking on By.cssSelector: .search button[type='submit']]]>
    </line>
    <line>
      <![CDATA[Clicking on [[ChromeDriver: chrome on WINDOWS (e4eb32a6ffd45306bb113c101e19513e)] -> css selector: .search .search-dropdown-menu li]]]>
    </line>
    <line>
      <![CDATA[Inputting 'Haiphong' into By.xpath: //input[@placeholder='Search city']]]>
    </line>
    <line>
      <![CDATA[Clicking on By.cssSelector: .search button[type='submit']]]>
    </line>
    <line>
      <![CDATA[Clicking on [[ChromeDriver: chrome on WINDOWS (0e2d02513525c6cf80a68b36009c3145)] -> css selector: .search .search-dropdown-menu li]]]>
    </line>
    <line>
      <![CDATA[Inputting 'in flames' into By.xpath: //input[@placeholder='Search city']]]>
    </line>
    <line>
      <![CDATA[Clicking on By.cssSelector: .search button[type='submit']]]>
    </line>
    <line>
      <![CDATA[Inputting 'pod' into By.xpath: //input[@placeholder='Search city']]]>
    </line>
    <line>
      <![CDATA[Clicking on By.cssSelector: .search button[type='submit']]]>
    </line>
  </reporter-output>
  <suite name="Default suite" duration-ms="59447" started-at="2021-04-21T10:04:45 ICT" finished-at="2021-04-21T10:05:44 ICT">
    <groups>
    </groups>
    <test name="Default test" duration-ms="59447" started-at="2021-04-21T10:04:45 ICT" finished-at="2021-04-21T10:05:44 ICT">
      <class name="phipgn.sloppy_test.tests.SearchTest">
        <test-method status="PASS" signature="beforeTest()[pri:0, instance:phipgn.sloppy_test.tests.SearchTest@59e5ddf]" name="beforeTest" is-config="true" duration-ms="8" started-at="2021-04-21T10:04:45 ICT" finished-at="2021-04-21T10:04:45 ICT">
          <reporter-output>
          </reporter-output>
        </test-method> <!-- beforeTest -->
        <test-method status="PASS" signature="beforeMethod()[pri:0, instance:phipgn.sloppy_test.tests.SearchTest@59e5ddf]" name="beforeMethod" is-config="true" duration-ms="6762" started-at="2021-04-21T10:04:45 ICT" finished-at="2021-04-21T10:04:52 ICT">
          <reporter-output>
          </reporter-output>
        </test-method> <!-- beforeMethod -->
        <test-method status="PASS" signature="U001(java.lang.String)[pri:0, instance:phipgn.sloppy_test.tests.SearchTest@59e5ddf]" name="U001" duration-ms="4064" started-at="2021-04-21T10:04:52 ICT" description="As a user, I want to search weather with valid city names" data-provider="U001" finished-at="2021-04-21T10:04:56 ICT">
          <params>
            <param index="0">
              <value>
                <![CDATA[London]]>
              </value>
            </param>
          </params>
          <reporter-output>
            <line>
              <![CDATA[Inputting 'London' into By.xpath: //input[@placeholder='Search city']]]>
            </line>
            <line>
              <![CDATA[Clicking on By.cssSelector: .search button[type='submit']]]>
            </line>
            <line>
              <![CDATA[Clicking on [[ChromeDriver: chrome on WINDOWS (074bf746270d6ab9db94a9b088233833)] -> css selector: .search .search-dropdown-menu li]]]>
            </line>
          </reporter-output>
        </test-method> <!-- U001 -->
        <test-method status="PASS" signature="afterMethod(org.testng.ITestResult)[pri:0, instance:phipgn.sloppy_test.tests.SearchTest@59e5ddf]" name="afterMethod" is-config="true" duration-ms="128" started-at="2021-04-21T10:04:56 ICT" finished-at="2021-04-21T10:04:56 ICT">
          <params>
            <param index="0">
              <value>
                <![CDATA[[TestResult name=U001 status=SUCCESS method=SearchTest.U001(java.lang.String)[pri:0, instance:phipgn.sloppy_test.tests.SearchTest@59e5ddf] output=Inputting 'London' into By.xpath: //input[@placeholder='Search city']]]]>
              </value>
            </param>
          </params>
          <reporter-output>
          </reporter-output>
        </test-method> <!-- afterMethod -->
        <test-method status="PASS" signature="beforeMethod()[pri:0, instance:phipgn.sloppy_test.tests.SearchTest@59e5ddf]" name="beforeMethod" is-config="true" duration-ms="6751" started-at="2021-04-21T10:04:56 ICT" finished-at="2021-04-21T10:05:03 ICT">
          <reporter-output>
          </reporter-output>
        </test-method> <!-- beforeMethod -->
        <test-method status="PASS" signature="U001(java.lang.String)[pri:0, instance:phipgn.sloppy_test.tests.SearchTest@59e5ddf]" name="U001" duration-ms="2744" started-at="2021-04-21T10:05:03 ICT" description="As a user, I want to search weather with valid city names" data-provider="U001" finished-at="2021-04-21T10:05:05 ICT">
          <params>
            <param index="0">
              <value>
                <![CDATA[London, GB]]>
              </value>
            </param>
          </params>
          <reporter-output>
            <line>
              <![CDATA[Inputting 'London, GB' into By.xpath: //input[@placeholder='Search city']]]>
            </line>
            <line>
              <![CDATA[Clicking on By.cssSelector: .search button[type='submit']]]>
            </line>
            <line>
              <![CDATA[Clicking on [[ChromeDriver: chrome on WINDOWS (e4eb32a6ffd45306bb113c101e19513e)] -> css selector: .search .search-dropdown-menu li]]]>
            </line>
          </reporter-output>
        </test-method> <!-- U001 -->
        <test-method status="PASS" signature="afterMethod(org.testng.ITestResult)[pri:0, instance:phipgn.sloppy_test.tests.SearchTest@59e5ddf]" name="afterMethod" is-config="true" duration-ms="4141" started-at="2021-04-21T10:05:05 ICT" finished-at="2021-04-21T10:05:10 ICT">
          <params>
            <param index="0">
              <value>
                <![CDATA[[TestResult name=U001 status=SUCCESS method=SearchTest.U001(java.lang.String)[pri:0, instance:phipgn.sloppy_test.tests.SearchTest@59e5ddf] output=Inputting 'London, GB' into By.xpath: //input[@placeholder='Search city']]]]>
              </value>
            </param>
          </params>
          <reporter-output>
          </reporter-output>
        </test-method> <!-- afterMethod -->
        <test-method status="PASS" signature="beforeMethod()[pri:0, instance:phipgn.sloppy_test.tests.SearchTest@59e5ddf]" name="beforeMethod" is-config="true" duration-ms="7195" started-at="2021-04-21T10:05:10 ICT" finished-at="2021-04-21T10:05:17 ICT">
          <reporter-output>
          </reporter-output>
        </test-method> <!-- beforeMethod -->
        <test-method status="PASS" signature="U001(java.lang.String)[pri:0, instance:phipgn.sloppy_test.tests.SearchTest@59e5ddf]" name="U001" duration-ms="3920" started-at="2021-04-21T10:05:17 ICT" description="As a user, I want to search weather with valid city names" data-provider="U001" finished-at="2021-04-21T10:05:21 ICT">
          <params>
            <param index="0">
              <value>
                <![CDATA[Haiphong]]>
              </value>
            </param>
          </params>
          <reporter-output>
            <line>
              <![CDATA[Inputting 'Haiphong' into By.xpath: //input[@placeholder='Search city']]]>
            </line>
            <line>
              <![CDATA[Clicking on By.cssSelector: .search button[type='submit']]]>
            </line>
            <line>
              <![CDATA[Clicking on [[ChromeDriver: chrome on WINDOWS (0e2d02513525c6cf80a68b36009c3145)] -> css selector: .search .search-dropdown-menu li]]]>
            </line>
          </reporter-output>
        </test-method> <!-- U001 -->
        <test-method status="PASS" signature="afterMethod(org.testng.ITestResult)[pri:0, instance:phipgn.sloppy_test.tests.SearchTest@59e5ddf]" name="afterMethod" is-config="true" duration-ms="4152" started-at="2021-04-21T10:05:21 ICT" finished-at="2021-04-21T10:05:25 ICT">
          <params>
            <param index="0">
              <value>
                <![CDATA[[TestResult name=U001 status=SUCCESS method=SearchTest.U001(java.lang.String)[pri:0, instance:phipgn.sloppy_test.tests.SearchTest@59e5ddf] output=Inputting 'Haiphong' into By.xpath: //input[@placeholder='Search city']]]]>
              </value>
            </param>
          </params>
          <reporter-output>
          </reporter-output>
        </test-method> <!-- afterMethod -->
        <test-method status="PASS" signature="beforeMethod()[pri:0, instance:phipgn.sloppy_test.tests.SearchTest@59e5ddf]" name="beforeMethod" is-config="true" duration-ms="6214" started-at="2021-04-21T10:05:25 ICT" finished-at="2021-04-21T10:05:31 ICT">
          <reporter-output>
          </reporter-output>
        </test-method> <!-- beforeMethod -->
        <test-method status="PASS" signature="U002(java.lang.String)[pri:0, instance:phipgn.sloppy_test.tests.SearchTest@59e5ddf]" name="U002" duration-ms="1327" started-at="2021-04-21T10:05:31 ICT" data-provider="U002" finished-at="2021-04-21T10:05:32 ICT">
          <params>
            <param index="0">
              <value>
                <![CDATA[in flames]]>
              </value>
            </param>
          </params>
          <reporter-output>
            <line>
              <![CDATA[Inputting 'in flames' into By.xpath: //input[@placeholder='Search city']]]>
            </line>
            <line>
              <![CDATA[Clicking on By.cssSelector: .search button[type='submit']]]>
            </line>
          </reporter-output>
        </test-method> <!-- U002 -->
        <test-method status="PASS" signature="afterMethod(org.testng.ITestResult)[pri:0, instance:phipgn.sloppy_test.tests.SearchTest@59e5ddf]" name="afterMethod" is-config="true" duration-ms="147" started-at="2021-04-21T10:05:32 ICT" finished-at="2021-04-21T10:05:33 ICT">
          <params>
            <param index="0">
              <value>
                <![CDATA[[TestResult name=U002 status=SUCCESS method=SearchTest.U002(java.lang.String)[pri:0, instance:phipgn.sloppy_test.tests.SearchTest@59e5ddf] output=Inputting 'in flames' into By.xpath: //input[@placeholder='Search city']]]]>
              </value>
            </param>
          </params>
          <reporter-output>
          </reporter-output>
        </test-method> <!-- afterMethod -->
        <test-method status="PASS" signature="beforeMethod()[pri:0, instance:phipgn.sloppy_test.tests.SearchTest@59e5ddf]" name="beforeMethod" is-config="true" duration-ms="6437" started-at="2021-04-21T10:05:33 ICT" finished-at="2021-04-21T10:05:39 ICT">
          <reporter-output>
          </reporter-output>
        </test-method> <!-- beforeMethod -->
        <test-method status="PASS" signature="U002(java.lang.String)[pri:0, instance:phipgn.sloppy_test.tests.SearchTest@59e5ddf]" name="U002" duration-ms="1261" started-at="2021-04-21T10:05:39 ICT" data-provider="U002" finished-at="2021-04-21T10:05:40 ICT">
          <params>
            <param index="0">
              <value>
                <![CDATA[pod]]>
              </value>
            </param>
          </params>
          <reporter-output>
            <line>
              <![CDATA[Inputting 'pod' into By.xpath: //input[@placeholder='Search city']]]>
            </line>
            <line>
              <![CDATA[Clicking on By.cssSelector: .search button[type='submit']]]>
            </line>
          </reporter-output>
        </test-method> <!-- U002 -->
        <test-method status="PASS" signature="afterMethod(org.testng.ITestResult)[pri:0, instance:phipgn.sloppy_test.tests.SearchTest@59e5ddf]" name="afterMethod" is-config="true" duration-ms="4140" started-at="2021-04-21T10:05:40 ICT" finished-at="2021-04-21T10:05:44 ICT">
          <params>
            <param index="0">
              <value>
                <![CDATA[[TestResult name=U002 status=SUCCESS method=SearchTest.U002(java.lang.String)[pri:0, instance:phipgn.sloppy_test.tests.SearchTest@59e5ddf] output=Inputting 'pod' into By.xpath: //input[@placeholder='Search city']]]]>
              </value>
            </param>
          </params>
          <reporter-output>
          </reporter-output>
        </test-method> <!-- afterMethod -->
      </class> <!-- phipgn.sloppy_test.tests.SearchTest -->
    </test> <!-- Default test -->
  </suite> <!-- Default suite -->
</testng-results>
