<?xml version="1.0" encoding="UTF-8"?>
<testng-results skipped="0" failed="0" ignored="1" total="2" passed="1">
  <reporter-output>
    <line>
      <![CDATA[Inputting 'London, GB' into By.xpath: //input[@placeholder='Search city']]]>
    </line>
    <line>
      <![CDATA[Clicking on By.cssSelector: .search button[type='submit']]]>
    </line>
    <line>
      <![CDATA[Clicking on [[ChromeDriver: chrome on WINDOWS (b8a63e4e6997354308ce999591171509)] -> css selector: .search .search-dropdown-menu li]]]>
    </line>
  </reporter-output>
  <suite name="Default suite" duration-ms="55570" started-at="2021-04-18T19:25:06 ICT" finished-at="2021-04-18T19:26:01 ICT">
    <groups>
    </groups>
    <test name="Default test" duration-ms="55570" started-at="2021-04-18T19:25:06 ICT" finished-at="2021-04-18T19:26:01 ICT">
      <class name="phipgn.sloppy_test.tests.SearchTest">
        <test-method status="PASS" signature="beforeTest()[pri:0, instance:phipgn.sloppy_test.tests.SearchTest@40005471]" name="beforeTest" is-config="true" duration-ms="9" started-at="2021-04-18T19:25:06 ICT" finished-at="2021-04-18T19:25:06 ICT">
          <reporter-output>
          </reporter-output>
        </test-method> <!-- beforeTest -->
        <test-method status="PASS" signature="beforeMethod()[pri:0, instance:phipgn.sloppy_test.tests.SearchTest@40005471]" name="beforeMethod" is-config="true" duration-ms="8344" started-at="2021-04-18T19:25:06 ICT" finished-at="2021-04-18T19:25:14 ICT">
          <reporter-output>
          </reporter-output>
        </test-method> <!-- beforeMethod -->
        <test-method status="PASS" signature="test_U001_SearchValidCities(java.lang.String)[pri:0, instance:phipgn.sloppy_test.tests.SearchTest@40005471]" name="test_U001_SearchValidCities" duration-ms="8945" started-at="2021-04-18T19:25:14 ICT" data-provider="Valid cities" finished-at="2021-04-18T19:25:23 ICT">
          <params>
            <param index="0">
              <value>
                <![CDATA[London, GB]]>
              </value>
            </param>
          </params>
          <reporter-output>
            <line>
              <![CDATA[Inputting 'London, GB' into By.xpath: //input[@placeholder='Search city']]]>
            </line>
            <line>
              <![CDATA[Clicking on By.cssSelector: .search button[type='submit']]]>
            </line>
            <line>
              <![CDATA[Clicking on [[ChromeDriver: chrome on WINDOWS (b8a63e4e6997354308ce999591171509)] -> css selector: .search .search-dropdown-menu li]]]>
            </line>
          </reporter-output>
        </test-method> <!-- test_U001_SearchValidCities -->
        <test-method status="PASS" signature="afterMethod(org.testng.ITestResult)[pri:0, instance:phipgn.sloppy_test.tests.SearchTest@40005471]" name="afterMethod" is-config="true" duration-ms="38226" started-at="2021-04-18T19:25:23 ICT" finished-at="2021-04-18T19:26:01 ICT">
          <params>
            <param index="0">
              <value>
                <![CDATA[[TestResult name=test_U001_SearchValidCities status=SUCCESS method=SearchTest.test_U001_SearchValidCities(java.lang.String)[pri:0, instance:phipgn.sloppy_test.tests.SearchTest@40005471] output=Inputting 'London, GB' into By.xpath: //input[@placeholder='Search city']]]]>
              </value>
            </param>
          </params>
          <reporter-output>
          </reporter-output>
        </test-method> <!-- afterMethod -->
      </class> <!-- phipgn.sloppy_test.tests.SearchTest -->
    </test> <!-- Default test -->
  </suite> <!-- Default suite -->
</testng-results>
